0 info it worked if it ends with ok
1 verbose cli [ '/usr/bin/node', '/usr/bin/npm', 'run', 'gulp' ]
2 info using npm@3.10.10
3 info using node@v6.14.2
4 verbose run-script [ 'pregulp', 'gulp', 'postgulp' ]
5 info lifecycle grapholscape@1.0.0~pregulp: grapholscape@1.0.0
6 silly lifecycle grapholscape@1.0.0~pregulp: no script for pregulp, continuing
7 info lifecycle grapholscape@1.0.0~gulp: grapholscape@1.0.0
8 verbose lifecycle grapholscape@1.0.0~gulp: unsafe-perm in lifecycle true
9 verbose lifecycle grapholscape@1.0.0~gulp: PATH: /usr/lib/node_modules/npm/bin/node-gyp-bin:/home/rana/tmp/grapholscape/node_modules/.bin:/home/rana/Zotero:/home/rana/treetagger/cmd:/home/rana/treetagger/bin:/usr/local/go/bin:/home/rana/gopath/bin:/home/rana/gopath:/home/rana/picorana_dotfiles/various:/home/rana/bin:/home/rana/.local/bin:/usr/local/sbin:/usr/local/bin:/usr/sbin:/usr/bin:/sbin:/bin:/usr/games:/usr/local/games:/home/rana/.fzf/bin
10 verbose lifecycle grapholscape@1.0.0~gulp: CWD: /home/rana/tmp/grapholscape
11 silly lifecycle grapholscape@1.0.0~gulp: Args: [ '-c', 'gulp' ]
12 silly lifecycle grapholscape@1.0.0~gulp: Returned: code: 1  signal: null
13 info lifecycle grapholscape@1.0.0~gulp: Failed to exec gulp script
14 verbose stack Error: grapholscape@1.0.0 gulp: `gulp`
14 verbose stack Exit status 1
14 verbose stack     at EventEmitter.<anonymous> (/usr/lib/node_modules/npm/lib/utils/lifecycle.js:255:16)
14 verbose stack     at emitTwo (events.js:106:13)
14 verbose stack     at EventEmitter.emit (events.js:191:7)
14 verbose stack     at ChildProcess.<anonymous> (/usr/lib/node_modules/npm/lib/utils/spawn.js:40:14)
14 verbose stack     at emitTwo (events.js:106:13)
14 verbose stack     at ChildProcess.emit (events.js:191:7)
14 verbose stack     at maybeClose (internal/child_process.js:920:16)
14 verbose stack     at Process.ChildProcess._handle.onexit (internal/child_process.js:230:5)
15 verbose pkgid grapholscape@1.0.0
16 verbose cwd /home/rana/tmp/grapholscape
17 error Linux 4.4.0-53-generic
18 error argv "/usr/bin/node" "/usr/bin/npm" "run" "gulp"
19 error node v6.14.2
20 error npm  v3.10.10
21 error code ELIFECYCLE
22 error grapholscape@1.0.0 gulp: `gulp`
22 error Exit status 1
23 error Failed at the grapholscape@1.0.0 gulp script 'gulp'.
23 error Make sure you have the latest version of node.js and npm installed.
23 error If you do, this is most likely a problem with the grapholscape package,
23 error not with npm itself.
23 error Tell the author that this fails on your system:
23 error     gulp
23 error You can get information on how to open an issue for this project with:
23 error     npm bugs grapholscape
23 error Or if that isn't available, you can get their info via:
23 error     npm owner ls grapholscape
23 error There is likely additional logging output above.
24 verbose exit [ 1, true ]
